<?xml version="1.0" encoding="UTF-8"?>
<!-- Generated by org.testng.reporters.JUnitReportReporter -->
<testsuite hostname="Pndtprashant" failures="0" tests="2" name="runner.RunTest" time="29.940" errors="0" timestamp="07 Feb 2024 14:03:01 GMT" skipped="0">
  <testcase classname="runner.RunTest" name="runScenario" time="16.005"/>
  <testcase classname="runner.RunTest" name="runScenario" time="13.935"/>
</testsuite> <!-- runner.RunTest -->
