<?xml version="1.0" encoding="UTF-8"?>
<!-- Generated by org.testng.reporters.JUnitReportReporter -->
<testsuite hostname="Pndtprashant" failures="0" tests="2" name="runner.RunTest" time="20.385" errors="0" timestamp="07 Mar 2024 08:32:28 GMT" skipped="0">
  <testcase classname="runner.RunTest" name="runScenario" time="7.666"/>
  <testcase classname="runner.RunTest" name="runScenario" time="12.719"/>
</testsuite> <!-- runner.RunTest -->
