<?xml version="1.0" encoding="UTF-8"?>
<!-- Generated by org.testng.reporters.JUnitReportReporter -->
<testsuite hostname="Pndtprashant" failures="0" tests="1" name="webAutomation.firstPro" time="10.310" errors="0" timestamp="2024-01-22T22:00:21 IST" skipped="0">
  <testcase classname="webAutomation.firstPro" name="myTest" time="10.310"/>
  <system-out/>
</testsuite> <!-- webAutomation.firstPro -->
